2025-09-08 00:21:13 [http-nio-8080-exec-5] ERROR c.e.o.logger.LoggerService - Unhandled exception: Token verification failed
2025-09-08 00:21:26 [http-nio-8080-exec-7] INFO  c.e.o.logger.LoggerService - order creating !
2025-09-08 00:38:49 [http-nio-8080-exec-9] INFO  c.e.o.logger.LoggerService - order creating !
2025-09-08 00:40:19 [http-nio-8080-exec-3] INFO  c.e.o.logger.LoggerService - order creating !
2025-09-08 00:43:05 [http-nio-8080-exec-5] INFO  c.e.o.logger.LoggerService - order creating !
2025-09-08 00:46:59 [org.springframework.amqp.rabbit.RabbitListenerEndpointContainer#0-2] INFO  o.s.a.r.l.SimpleMessageListenerContainer - Waiting for workers to finish.
2025-09-08 00:46:59 [org.springframework.amqp.rabbit.RabbitListenerEndpointContainer#0-2] INFO  o.s.a.r.l.SimpleMessageListenerContainer - Successfully waited for workers to finish.
2025-09-08 00:46:59 [SpringApplicationShutdownHook] INFO  o.s.b.w.e.tomcat.GracefulShutdown - Commencing graceful shutdown. Waiting for active requests to complete
2025-09-08 00:46:59 [tomcat-shutdown] INFO  o.s.b.w.e.tomcat.GracefulShutdown - Graceful shutdown complete
2025-09-08 00:46:59 [SpringApplicationShutdownHook] INFO  o.s.o.j.LocalContainerEntityManagerFactoryBean - Closing JPA EntityManagerFactory for persistence unit 'default'
2025-09-08 00:46:59 [SpringApplicationShutdownHook] INFO  com.zaxxer.hikari.HikariDataSource - HikariPool-1 - Shutdown initiated...
2025-09-08 00:46:59 [SpringApplicationShutdownHook] INFO  com.zaxxer.hikari.HikariDataSource - HikariPool-1 - Shutdown completed.
2025-09-08 00:58:39 [main] INFO  c.e.o.OrderserviceApplication - Starting OrderserviceApplication using Java 24.0.2 with PID 19740 (/Users/burak/Desktop/Trial/api/orderservice/target/classes started by burak in /Users/burak/Desktop/Trial/api/orderservice)
2025-09-08 00:58:39 [main] INFO  c.e.o.OrderserviceApplication - No active profile set, falling back to 1 default profile: "default"
2025-09-08 00:58:40 [main] INFO  o.s.d.r.c.RepositoryConfigurationDelegate - Bootstrapping Spring Data JPA repositories in DEFAULT mode.
2025-09-08 00:58:40 [main] INFO  o.s.d.r.c.RepositoryConfigurationDelegate - Finished Spring Data repository scanning in 13 ms. Found 1 JPA repository interface.
2025-09-08 00:58:40 [main] INFO  o.s.b.w.e.tomcat.TomcatWebServer - Tomcat initialized with port 8080 (http)
2025-09-08 00:58:40 [main] INFO  o.a.catalina.core.StandardService - Starting service [Tomcat]
2025-09-08 00:58:40 [main] INFO  o.a.catalina.core.StandardEngine - Starting Servlet engine: [Apache Tomcat/10.1.44]
2025-09-08 00:58:40 [main] INFO  o.a.c.c.C.[Tomcat].[localhost].[/] - Initializing Spring embedded WebApplicationContext
2025-09-08 00:58:40 [main] INFO  o.s.b.w.s.c.ServletWebServerApplicationContext - Root WebApplicationContext: initialization completed in 354 ms
2025-09-08 00:58:40 [main] INFO  o.h.jpa.internal.util.LogHelper - HHH000204: Processing PersistenceUnitInfo [name: default]
2025-09-08 00:58:40 [main] INFO  org.hibernate.Version - HHH000412: Hibernate ORM core version 6.6.26.Final
2025-09-08 00:58:40 [main] INFO  o.h.c.i.RegionFactoryInitiator - HHH000026: Second-level cache disabled
2025-09-08 00:58:40 [main] INFO  o.s.o.j.p.SpringPersistenceUnitInfo - No LoadTimeWeaver setup: ignoring JPA class transformer
2025-09-08 00:58:40 [main] INFO  com.zaxxer.hikari.HikariDataSource - HikariPool-1 - Starting...
2025-09-08 00:58:40 [main] INFO  com.zaxxer.hikari.pool.HikariPool - HikariPool-1 - Added connection org.postgresql.jdbc.PgConnection@2fee69a1
2025-09-08 00:58:40 [main] INFO  com.zaxxer.hikari.HikariDataSource - HikariPool-1 - Start completed.
2025-09-08 00:58:40 [main] WARN  org.hibernate.orm.deprecation - HHH90000025: PostgreSQLDialect does not need to be specified explicitly using 'hibernate.dialect' (remove the property setting and it will be selected by default)
2025-09-08 00:58:40 [main] INFO  o.hibernate.orm.connections.pooling - HHH10001005: Database info:
	Database JDBC URL [Connecting through datasource 'HikariDataSource (HikariPool-1)']
	Database driver: undefined/unknown
	Database version: 14.19
	Autocommit mode: undefined/unknown
	Isolation level: undefined/unknown
	Minimum pool size: undefined/unknown
	Maximum pool size: undefined/unknown
2025-09-08 00:58:40 [main] INFO  o.h.e.t.j.p.i.JtaPlatformInitiator - HHH000489: No JTA platform available (set 'hibernate.transaction.jta.platform' to enable JTA platform integration)
2025-09-08 00:58:40 [main] INFO  o.s.o.j.LocalContainerEntityManagerFactoryBean - Initialized JPA EntityManagerFactory for persistence unit 'default'
2025-09-08 00:58:40 [main] WARN  o.s.b.a.o.j.JpaBaseConfiguration$JpaWebConfiguration - spring.jpa.open-in-view is enabled by default. Therefore, database queries may be performed during view rendering. Explicitly configure spring.jpa.open-in-view to disable this warning
2025-09-08 00:58:41 [main] INFO  o.s.b.w.e.tomcat.TomcatWebServer - Tomcat started on port 8080 (http) with context path '/'
2025-09-08 00:58:41 [main] INFO  o.s.a.r.c.CachingConnectionFactory - Attempting to connect to: localhost:5672
2025-09-08 00:58:41 [main] INFO  o.s.a.r.c.CachingConnectionFactory - Created new connection: connectionFactory#792eeae6:0/SimpleConnection@51d6c42d [delegate=amqp://guest@127.0.0.1:5672/, localPort=54780]
2025-09-08 00:58:41 [main] INFO  c.e.o.OrderserviceApplication - Started OrderserviceApplication in 1.324 seconds (process running for 1.421)
2025-09-08 00:58:44 [http-nio-8080-exec-1] INFO  o.a.c.c.C.[Tomcat].[localhost].[/] - Initializing Spring DispatcherServlet 'dispatcherServlet'
2025-09-08 00:58:44 [http-nio-8080-exec-1] INFO  o.s.web.servlet.DispatcherServlet - Initializing Servlet 'dispatcherServlet'
2025-09-08 00:58:44 [http-nio-8080-exec-1] INFO  o.s.web.servlet.DispatcherServlet - Completed initialization in 0 ms
2025-09-08 00:58:45 [http-nio-8080-exec-1] ERROR c.e.o.logger.LoggerService - Unhandled exception: Token verification failed
2025-09-08 00:58:58 [http-nio-8080-exec-4] INFO  c.e.o.logger.LoggerService - order creating !
2025-09-08 00:59:29 [http-nio-8080-exec-5] INFO  c.e.o.logger.LoggerService - order creating !
2025-09-08 00:59:32 [http-nio-8080-exec-6] INFO  c.e.o.logger.LoggerService - order creating !
2025-09-08 00:59:46 [http-nio-8080-exec-7] INFO  c.e.o.logger.LoggerService - order creating !
2025-09-08 01:00:07 [http-nio-8080-exec-8] INFO  c.e.o.logger.LoggerService - order creating !
2025-09-08 01:09:02 [http-nio-8080-exec-2] INFO  c.e.o.logger.LoggerService - order creating !
2025-09-08 01:12:38 [http-nio-8080-exec-4] INFO  c.e.o.logger.LoggerService - order creating !
